<?xml version="1.0" encoding="UTF-8"?>
<!-- Generated by org.testng.reporters.JUnitXMLReporter -->
<testsuite ignored="0" hostname="KARTHIKEYAN" failures="0" tests="3" name="Default test" time="0.319" errors="0" timestamp="2022-06-30T09:13:52 IST">
  <testcase classname="Beseantechnologies.Project.TestNG2$invocationcount" name="age" time="0.068"/>
  <testcase classname="Beseantechnologies.Project.TestNG2$invocationcount" name="book" time="0.013"/>
  <testcase classname="Beseantechnologies.Project.TestNG2$invocationcount" name="computer" time="0.006"/>
</testsuite> <!-- Default test -->
